<?xml version="1.0" encoding="UTF-8"?>
<!-- Generated by org.testng.reporters.JUnitXMLReporter -->
<testsuite ignored="1" hostname="LAPTOP-N1JREC8U" failures="0" tests="1" name="Default test" time="16.814" errors="0" timestamp="2025-05-29T09:47:36 IST">
  <testcase classname="com.sevenrmartsupermarket.tests.AdminUsersTest" name="verifyAbleToAddNewUserFromExcel" time="6.511"/>
  <testcase classname="com.sevenrmartsupermarket.tests.AdminUsersTest" name="verifyAbletoAddNewUser" time="0.0">
    <ignored/>
  </testcase> <!-- verifyAbletoAddNewUser -->
</testsuite> <!-- Default test -->
