<?xml version="1.0" encoding="UTF-8"?>
<!-- Generated by org.testng.reporters.JUnitXMLReporter -->
<testsuite ignored="4" hostname="LAPTOP-N1JREC8U" failures="0" tests="1" name="TestByGroup" time="12.32" errors="0" timestamp="2025-05-29T07:55:49 IST">
  <testcase classname="com.sevenrmartsupermarket.tests.LoginTest" name="verifyValidLogin" time="2.601"/>
  <testcase classname="com.sevenrmartsupermarket.tests.DashBoardTest" name="verifyIsAbleToLogout" time="0.0">
    <ignored/>
  </testcase> <!-- verifyIsAbleToLogout -->
  <testcase classname="com.sevenrmartsupermarket.tests.DashBoardTest" name="verifyMoreInfoIsClickable" time="0.0">
    <ignored/>
  </testcase> <!-- verifyMoreInfoIsClickable -->
  <testcase classname="com.sevenrmartsupermarket.tests.LoginTest" name="verifyInvalidLogin" time="0.0">
    <ignored/>
  </testcase> <!-- verifyInvalidLogin -->
  <testcase classname="com.sevenrmartsupermarket.tests.DashBoardTest" name="demoTest" time="0.0">
    <ignored/>
  </testcase> <!-- demoTest -->
</testsuite> <!-- TestByGroup -->
