<?xml version="1.0" encoding="UTF-8"?>
<!-- Generated by org.testng.reporters.JUnitXMLReporter -->
<testsuite ignored="0" hostname="LAPTOP-N1JREC8U" failures="4" tests="4" name="TestByGroup" time="0.12" errors="0" timestamp="2025-05-25T16:28:27 IST">
  <testcase classname="com.sevenrmartsupermarket.tests.LoginTest" name="verifyInvalidLogin" time="0.042">
    <failure type="java.lang.NullPointerException" message="Cannot invoke &amp;quot;org.openqa.selenium.SearchContext.findElement(org.openqa.selenium.By)&amp;quot; because &amp;quot;this.searchContext&amp;quot; is null">
      <![CDATA[java.lang.NullPointerException: Cannot invoke "org.openqa.selenium.SearchContext.findElement(org.openqa.selenium.By)" because "this.searchContext" is null
at org.openqa.selenium.support.pagefactory.DefaultElementLocator.findElement(DefaultElementLocator.java:68)
at org.openqa.selenium.support.pagefactory.internal.LocatingElementHandler.invoke(LocatingElementHandler.java:38)
at jdk.proxy2/jdk.proxy2.$Proxy13.sendKeys(Unknown Source)
at com.sevenrmartsupermarket.pages.LoginPage.enterUserName(LoginPage.java:43)
at com.sevenrmartsupermarket.pages.LoginPage.inValidLogin(LoginPage.java:78)
at com.sevenrmartsupermarket.tests.LoginTest.verifyInvalidLogin(LoginTest.java:32)
at java.base/java.util.ArrayList.forEach(ArrayList.java:1596)
... Removed 25 stack frames]]>
    </failure>
  </testcase> <!-- verifyInvalidLogin -->
  <testcase classname="com.sevenrmartsupermarket.tests.LoginTest" name="verifyValidLogin" time="0.006">
    <failure type="java.lang.NullPointerException" message="Cannot invoke &amp;quot;org.openqa.selenium.SearchContext.findElement(org.openqa.selenium.By)&amp;quot; because &amp;quot;this.searchContext&amp;quot; is null">
      <![CDATA[java.lang.NullPointerException: Cannot invoke "org.openqa.selenium.SearchContext.findElement(org.openqa.selenium.By)" because "this.searchContext" is null
at org.openqa.selenium.support.pagefactory.DefaultElementLocator.findElement(DefaultElementLocator.java:68)
at org.openqa.selenium.support.pagefactory.internal.LocatingElementHandler.invoke(LocatingElementHandler.java:38)
at jdk.proxy2/jdk.proxy2.$Proxy13.sendKeys(Unknown Source)
at com.sevenrmartsupermarket.pages.LoginPage.enterUserName(LoginPage.java:43)
at com.sevenrmartsupermarket.pages.LoginPage.login(LoginPage.java:69)
at com.sevenrmartsupermarket.tests.LoginTest.verifyValidLogin(LoginTest.java:22)
at java.base/java.util.ArrayList.forEach(ArrayList.java:1596)
... Removed 25 stack frames]]>
    </failure>
  </testcase> <!-- verifyValidLogin -->
  <testcase classname="com.sevenrmartsupermarket.tests.DashBoardTest" name="verifyAbletoAddNewUser" time="0.004">
    <failure type="java.lang.NullPointerException" message="Cannot invoke &amp;quot;org.openqa.selenium.SearchContext.findElement(org.openqa.selenium.By)&amp;quot; because &amp;quot;this.searchContext&amp;quot; is null">
      <![CDATA[java.lang.NullPointerException: Cannot invoke "org.openqa.selenium.SearchContext.findElement(org.openqa.selenium.By)" because "this.searchContext" is null
at org.openqa.selenium.support.pagefactory.DefaultElementLocator.findElement(DefaultElementLocator.java:68)
at org.openqa.selenium.support.pagefactory.internal.LocatingElementHandler.invoke(LocatingElementHandler.java:38)
at jdk.proxy2/jdk.proxy2.$Proxy13.sendKeys(Unknown Source)
at com.sevenrmartsupermarket.pages.LoginPage.enterUserName(LoginPage.java:43)
at com.sevenrmartsupermarket.pages.LoginPage.login(LoginPage.java:69)
at com.sevenrmartsupermarket.tests.DashBoardTest.verifyAbletoAddNewUser(DashBoardTest.java:35)
at java.base/java.util.ArrayList.forEach(ArrayList.java:1596)
... Removed 25 stack frames]]>
    </failure>
  </testcase> <!-- verifyAbletoAddNewUser -->
  <testcase classname="com.sevenrmartsupermarket.tests.DashBoardTest" name="verifyMoreInfoIsClickable" time="0.005">
    <failure type="java.lang.NullPointerException" message="Cannot invoke &amp;quot;org.openqa.selenium.SearchContext.findElement(org.openqa.selenium.By)&amp;quot; because &amp;quot;this.searchContext&amp;quot; is null">
      <![CDATA[java.lang.NullPointerException: Cannot invoke "org.openqa.selenium.SearchContext.findElement(org.openqa.selenium.By)" because "this.searchContext" is null
at org.openqa.selenium.support.pagefactory.DefaultElementLocator.findElement(DefaultElementLocator.java:68)
at org.openqa.selenium.support.pagefactory.internal.LocatingElementHandler.invoke(LocatingElementHandler.java:38)
at jdk.proxy2/jdk.proxy2.$Proxy13.sendKeys(Unknown Source)
at com.sevenrmartsupermarket.pages.LoginPage.enterUserName(LoginPage.java:43)
at com.sevenrmartsupermarket.pages.LoginPage.login(LoginPage.java:69)
at com.sevenrmartsupermarket.tests.DashBoardTest.verifyMoreInfoIsClickable(DashBoardTest.java:23)
at java.base/java.util.ArrayList.forEach(ArrayList.java:1596)
... Removed 25 stack frames]]>
    </failure>
  </testcase> <!-- verifyMoreInfoIsClickable -->
</testsuite> <!-- TestByGroup -->
