<?xml version="1.0" encoding="UTF-8"?>
<testng-results ignored="1" total="2" passed="1" failed="0" skipped="0">
  <reporter-output>
  </reporter-output>
  <suite started-at="2025-05-29T09:47:19 IST" name="Default suite" finished-at="2025-05-29T09:47:36 IST" duration-ms="16814">
    <groups>
    </groups>
    <test started-at="2025-05-29T09:47:19 IST" name="Default test" finished-at="2025-05-29T09:47:36 IST" duration-ms="16814">
      <class name="com.sevenrmartsupermarket.tests.AdminUsersTest">
        <test-method is-config="true" signature="launchBrowser()[pri:0, instance:com.sevenrmartsupermarket.tests.AdminUsersTest@2a65fe7c]" started-at="2025-05-29T09:47:19 IST" name="launchBrowser" finished-at="2025-05-29T09:47:29 IST" duration-ms="9945" status="PASS">
          <reporter-output>
          </reporter-output>
        </test-method> <!-- launchBrowser -->
        <test-method signature="verifyAbleToAddNewUserFromExcel()[pri:0, instance:com.sevenrmartsupermarket.tests.AdminUsersTest@2a65fe7c]" started-at="2025-05-29T09:47:29 IST" name="verifyAbleToAddNewUserFromExcel" finished-at="2025-05-29T09:47:35 IST" duration-ms="6511" status="PASS">
          <reporter-output>
          </reporter-output>
        </test-method> <!-- verifyAbleToAddNewUserFromExcel -->
        <test-method is-config="true" signature="terminationSession(org.testng.ITestResult)[pri:0, instance:com.sevenrmartsupermarket.tests.AdminUsersTest@2a65fe7c]" started-at="2025-05-29T09:47:35 IST" name="terminationSession" finished-at="2025-05-29T09:47:36 IST" duration-ms="269" status="PASS">
          <params>
            <param index="0">
              <value>
                <![CDATA[[TestResult name=verifyAbleToAddNewUserFromExcel status=SUCCESS method=AdminUsersTest.verifyAbleToAddNewUserFromExcel()[pri:0, instance:com.sevenrmartsupermarket.tests.AdminUsersTest@2a65fe7c] output={null}]]]>
              </value>
            </param>
          </params>
          <reporter-output>
          </reporter-output>
        </test-method> <!-- terminationSession -->
      </class> <!-- com.sevenrmartsupermarket.tests.AdminUsersTest -->
    </test> <!-- Default test -->
  </suite> <!-- Default suite -->
</testng-results>
